WHYLIB is not set, using /home/tsirleo/.opam/4.14.1/lib/astraver as default
Parsing
Normalization
Typing logic labels
Typing code
Typing axiomatic Padding
Typing logic type declaration padding
Typing axiomatic ItemsCount
Typing axiomatic CountLem
Typing axiomatic Padding
Typing tag voidP
Typing tag charP
Typing tag __anonstruct_Key_21
Typing tag __anonstruct_Value_22
Typing tag __anonstruct_Item_23
Typing tag __anonstruct_Map_24
Typing axiomatic ItemsCount
Typing lemma/axiom count_zero
Typing lemma/axiom count_one
Typing lemma/axiom count_split
occurrences table for axiom count_split in axiomatic ItemsCount:
  141: 
  142: 
  143: L ;
  
occurrences table for axiom count_one in axiomatic ItemsCount:
  141: 
  142: L ;
  143: 
  
occurrences table for axiom count_zero in axiomatic ItemsCount:
  141: L ;
  142: 
  143: 
  
Typing axiomatic CountLem
Typing lemma/axiom lemma1_count_split
Typing lemma/axiom lemma2_count_split
Typing lemma/axiom lemma3_count_split
Typing lemma/axiom lemma_count_one_p
Typing lemma/axiom lemma1_count_positive
Typing lemma/axiom lemma2_count_positive
Typing lemma/axiom lemma3_count_positive
Computation of call graph
***********************************
Logic call graph: has 21 components
***********************************
Component 0:
 count_split_p calls: count,
count, count

 count_one_p calls: count

 count calls: count, count_one_p,
count_split_p

Component 1:
 all_count calls: count

Component 2:
 all_valid_existence calls: 

Component 3:
 valid_item calls: 

Component 4:
 unique_items calls: 

Component 5:
 valid_items_arr_capacity calls: 

Component 6:
 count_correct calls: all_count

Component 7:
 valid_items calls: valid_item

Component 8:
 valid_map_sizes calls: 

Component 9:
 two_consecutive_false calls: 

Component 10:
 rest_false_after_double calls: two_consecutive_false

Component 11:
 valid_map_begin calls: 

Component 12:
 is_valid_map calls: rest_false_after_double, valid_map_begin,
valid_map_sizes, valid_items, count_correct, valid_items_arr_capacity,
unique_items,
all_valid_existence

Component 13:
 empty_map calls: 

Component 14:
 full calls: 

Component 15:
 has_key calls: 

Component 16:
 has_item calls: 

Component 17:
 item_exists_t calls: 

Component 18:
 get_key_t calls: 

Component 19:
 get_value_t calls: 

Component 20:
 get_item_t calls: 

******************************
Call graph: has 4 components
******************************
Component 0:
 compareKeys calls: 

Component 1:
 finalizeMap calls: 

Component 2:
 removeElement calls: 

Component 3:
 getElement calls: compareKeys

Adding invariants
Computation of regions
Separation: treating function compareKeys
Separation: treating function compareKeys
Separation: treating function finalizeMap
Separation: treating function finalizeMap
Separation: treating function removeElement
Separation: treating function removeElement
Separation: treating function getElement
Separation: treating function getElement
Computation of effects
Effects: doing one iteration
Effects: doing one iteration
Effects: doing one iteration
Effects: doing one iteration
Effects: doing one iteration
Effects: fixpoint reached
Effects for logic function count_split_p:
 alloc_table: 
 tag_table: 
 memories: (map_2 : mem-field "items") at (L),
           (items_41 : mem-field "existent") at (L)
 raw memories: 
 precise memories: 
 globals: 
 locals: k_1 at (Here), n_3 at (Here), m_3 at (Here), map_3 at (Here)

Effects for logic function count_one_p:
 alloc_table: 
 tag_table: 
 memories: (map_2 : mem-field "items") at (L),
           (items_41 : mem-field "existent") at (L)
 raw memories: 
 precise memories: 
 globals: 
 locals: m_1 at (Here), map_1 at (Here)

Effects for logic function count:
 alloc_table: 
 tag_table: 
 memories: (map_2 : mem-field "items") at (L),
           (items_41 : mem-field "existent") at (L)
 raw memories: 
 precise memories: 
 globals: 
 locals: 

Effects: doing one iteration
Effects: doing one iteration
Effects: fixpoint reached
Effects for logic function all_count:
 alloc_table: 
 tag_table: 
 memories: (map_5_5 : mem-field "capacity") at (L),
           (map_5_5 : mem-field "items") at (L),
           (items_97 : mem-field "existent") at (L)
 raw memories: 
 precise memories: 
 globals: 
 locals: map_5 at (Here)

Effects: doing one iteration
Effects: doing one iteration
Effects: fixpoint reached
Effects for logic function all_valid_existence:
 alloc_table: 
 tag_table: 
 memories: (map_13_6 : mem-field "capacity") at (L),
           (map_13_6 : mem-field "items") at (L),
           (items_53 : mem-field "existent") at (L)
 raw memories: 
 precise memories: 
 globals: 
 locals: map_13 at (Here)

Effects: doing one iteration
Effects: doing one iteration
Effects: fixpoint reached
Effects for logic function valid_item:
 alloc_table: 
 tag_table: 
 memories: (map_14_7 : mem-field "capacity") at (L),
           (map_14_7 : mem-field "items") at (L),
           (items_54 : mem-field "existent") at (L)
 raw memories: 
 precise memories: 
 globals: 
 locals: idx at (Here), map_14 at (Here)

Effects: doing one iteration
Effects: doing one iteration
Effects: fixpoint reached
Effects for logic function unique_items:
 alloc_table: 
 tag_table: 
 memories: (map_15_8 : mem-field "capacity") at (L),
           (map_15_8 : mem-field "items") at (L),
           (items_55 : mem-field "existent") at (L),
           (items_55 : mem-field "key_2") at (L),
           (items_55 : mem-field "b") at (L),
           (items_55 : mem-field "a") at (L)
 raw memories: 
 precise memories: 
 globals: 
 locals: map_15 at (Here)

Effects: doing one iteration
Effects: doing one iteration
Effects: fixpoint reached
Effects for logic function valid_items_arr_capacity:
 alloc_table: (items_56 : alloc-root "voidP") at (L),
              (items_56 : alloc-root "__anonstruct_Value_22") at (L),
              (items_56 : alloc-root "__anonstruct_Key_21") at (L)
 tag_table: 
 memories: (map_16_9 : mem-field "count") at (L),
           (map_16_9 : mem-field "capacity") at (L),
           (map_16_9 : mem-field "items") at (L),
           (items_56 : mem-field "value_2") at (L),
           (items_56 : mem-field "key_2") at (L)
 raw memories: 
 precise memories: 
 globals: 
 locals: map_16 at (Here)

Effects: doing one iteration
Effects: doing one iteration
Effects: fixpoint reached
Effects for logic function count_correct:
 alloc_table: 
 tag_table: 
 memories: (map_17_10 : mem-field "count") at (L),
           (map_17_10 : mem-field "capacity") at (L),
           (map_17_10 : mem-field "items") at (L),
           (items_101 : mem-field "existent") at (L)
 raw memories: 
 precise memories: 
 globals: 
 locals: map_17 at (Here)

Effects: doing one iteration
Effects: doing one iteration
Effects: fixpoint reached
Effects for logic function valid_items:
 alloc_table: 
 tag_table: 
 memories: (map_18_11 : mem-field "capacity") at (L),
           (map_18_11 : mem-field "items") at (L),
           (items_105 : mem-field "existent") at (L)
 raw memories: 
 precise memories: 
 globals: 
 locals: map_18 at (Here)

Effects: doing one iteration
Effects: doing one iteration
Effects: fixpoint reached
Effects for logic function valid_map_sizes:
 alloc_table: 
 tag_table: 
 memories: (map_19_12 : mem-field "count") at (L),
           (map_19_12 : mem-field "capacity") at (L)
 raw memories: 
 precise memories: 
 globals: 
 locals: map_19 at (Here)

Effects: doing one iteration
Effects: doing one iteration
Effects: fixpoint reached
Effects for logic function two_consecutive_false:
 alloc_table: 
 tag_table: 
 memories: (map_20_13 : mem-field "capacity") at (L),
           (map_20_13 : mem-field "items") at (L),
           (items_57 : mem-field "existent") at (L)
 raw memories: 
 precise memories: 
 globals: 
 locals: map_20 at (Here)

Effects: doing one iteration
Effects: doing one iteration
Effects: fixpoint reached
Effects for logic function rest_false_after_double:
 alloc_table: 
 tag_table: 
 memories: (map_21_14 : mem-field "capacity") at (L),
           (map_21_14 : mem-field "items") at (L),
           (items_58 : mem-field "existent") at (L)
 raw memories: 
 precise memories: 
 globals: 
 locals: map_21 at (Here)

Effects: doing one iteration
Effects: doing one iteration
Effects: fixpoint reached
Effects for logic function valid_map_begin:
 alloc_table: 
 tag_table: 
 memories: (map_22_15 : mem-field "count") at (L),
           (map_22_15 : mem-field "capacity") at (L),
           (map_22_15 : mem-field "items") at (L),
           (items_59 : mem-field "existent") at (L)
 raw memories: 
 precise memories: 
 globals: 
 locals: map_22 at (Here)

Effects: doing one iteration
Effects: doing one iteration
Effects: fixpoint reached
Effects for logic function is_valid_map:
 alloc_table: (items_113 : alloc-root "voidP") at (L),
              (items_113 : alloc-root "__anonstruct_Value_22") at (L),
              (map_23_16 : alloc-root "__anonstruct_Map_24") at (L),
              (items_113 : alloc-root "__anonstruct_Key_21") at (L)
 tag_table: 
 memories: (map_23_16 : mem-field "count") at (L),
           (map_23_16 : mem-field "capacity") at (L),
           (map_23_16 : mem-field "items") at (L),
           (items_113 : mem-field "existent") at (L),
           (items_113 : mem-field "value_2") at (L),
           (items_113 : mem-field "key_2") at (L),
           (items_113 : mem-field "b") at (L),
           (items_113 : mem-field "a") at (L)
 raw memories: 
 precise memories: 
 globals: 
 locals: map_23 at (Here)

Effects: doing one iteration
Effects: doing one iteration
Effects: fixpoint reached
Effects for logic function empty_map:
 alloc_table: 
 tag_table: 
 memories: (map_24_17 : mem-field "count") at (L),
           (map_24_17 : mem-field "capacity") at (L),
           (map_24_17 : mem-field "items") at (L),
           (items_60 : mem-field "existent") at (L)
 raw memories: 
 precise memories: 
 globals: 
 locals: map_24 at (Here)

Effects: doing one iteration
Effects: doing one iteration
Effects: fixpoint reached
Effects for logic function full:
 alloc_table: 
 tag_table: 
 memories: (map_25_18 : mem-field "count") at (L),
           (map_25_18 : mem-field "capacity") at (L)
 raw memories: 
 precise memories: 
 globals: 
 locals: map_25 at (Here)

Effects: doing one iteration
Effects: doing one iteration
Effects: fixpoint reached
Effects for logic function has_key:
 alloc_table: 
 tag_table: 
 memories: (map_26_19 : mem-field "capacity") at (L),
           (map_26_19 : mem-field "items") at (L),
           (items_61 : mem-field "existent") at (L),
           (items_61 : mem-field "key_2") at (L),
           (items_61 : mem-field "b") at (L),
           (key_20 : mem-field "b") at (L),
           (items_61 : mem-field "a") at (L), (key_20 : mem-field "a") at (L)
 raw memories: 
 precise memories: 
 globals: 
 locals: key at (Here), map_26 at (Here)

Effects: doing one iteration
Effects: doing one iteration
Effects: fixpoint reached
Effects for logic function has_item:
 alloc_table: 
 tag_table: 
 memories: (map_27_21 : mem-field "capacity") at (L1),
           (map_27_21 : mem-field "items") at (L1),
           (items_62 : mem-field "existent") at (L1),
           (items_62 : mem-field "value_2") at (L1),
           (items_62 : mem-field "key_2") at (L1),
           (items_62 : mem-field "d") at (L1),
           (value_23 : mem-field "d") at (L2),
           (items_62 : mem-field "c") at (L1),
           (value_23 : mem-field "c") at (L2),
           (items_62 : mem-field "b") at (L1),
           (key_0_22 : mem-field "b") at (L2),
           (items_62 : mem-field "a") at (L1),
           (key_0_22 : mem-field "a") at (L2)
 raw memories: 
 precise memories: 
 globals: 
 locals: value at (Here), key_0 at (Here), map_27 at (Here)

Effects: doing one iteration
Effects: doing one iteration
Effects: fixpoint reached
Effects for logic function item_exists_t:
 alloc_table: 
 tag_table: 
 memories: (it_24 : mem-field "existent") at (L)
 raw memories: 
 precise memories: 
 globals: 
 locals: it at (Here)

Effects: doing one iteration
Effects: doing one iteration
Effects: fixpoint reached
Effects for logic function get_key_t:
 alloc_table: 
 tag_table: 
 memories: (it_0_25 : mem-field "key_2") at (L)
 raw memories: 
 precise memories: 
 globals: 
 locals: it_0 at (Here)

Effects: doing one iteration
Effects: doing one iteration
Effects: fixpoint reached
Effects for logic function get_value_t:
 alloc_table: 
 tag_table: 
 memories: (it_1_27 : mem-field "value_2") at (L)
 raw memories: 
 precise memories: 
 globals: 
 locals: it_1 at (Here)

Effects: doing one iteration
Effects: doing one iteration
Effects: fixpoint reached
Effects for logic function get_item_t:
 alloc_table: 
 tag_table: 
 memories: (map_28_29 : mem-field "items") at (L)
 raw memories: 
 precise memories: 
 globals: 
 locals: idx_0 at (Here), map_28 at (Here)

Effects: doing one iteration...
all_memories(tag __anonstruct_Key_21):
  Found 0 memories.
all_allocs(tag __anonstruct_Key_21):
  Found 1 allocs.
all_tags(tag __anonstruct_Key_21):
  Found 1 tags.
all_memories(tag __anonstruct_Key_21):
  Found 0 memories.
all_allocs(tag __anonstruct_Key_21):
  Found 1 allocs.
all_tags(tag __anonstruct_Key_21):
  Found 1 tags.
all_memories(tag __anonstruct_Key_21):
  Found 0 memories.
all_allocs(tag __anonstruct_Key_21):
  Found 1 allocs.
all_memories(tag __anonstruct_Key_21):
  Found 0 memories.
all_allocs(tag __anonstruct_Key_21):
  Found 1 allocs.
Effects: doing one iteration...
all_memories(tag __anonstruct_Key_21):
  Found 0 memories.
all_allocs(tag __anonstruct_Key_21):
  Found 1 allocs.
all_tags(tag __anonstruct_Key_21):
  Found 1 tags.
all_memories(tag __anonstruct_Key_21):
  Found 0 memories.
all_allocs(tag __anonstruct_Key_21):
  Found 1 allocs.
all_tags(tag __anonstruct_Key_21):
  Found 1 tags.
all_memories(tag __anonstruct_Key_21):
  Found 0 memories.
all_allocs(tag __anonstruct_Key_21):
  Found 1 allocs.
all_memories(tag __anonstruct_Key_21):
  Found 0 memories.
all_allocs(tag __anonstruct_Key_21):
  Found 1 allocs.
Effects: doing one iteration...
all_memories(tag __anonstruct_Key_21):
  Found 0 memories.
all_allocs(tag __anonstruct_Key_21):
  Found 1 allocs.
all_tags(tag __anonstruct_Key_21):
  Found 1 tags.
all_memories(tag __anonstruct_Key_21):
  Found 0 memories.
all_allocs(tag __anonstruct_Key_21):
  Found 1 allocs.
all_tags(tag __anonstruct_Key_21):
  Found 1 tags.
all_memories(tag __anonstruct_Key_21):
  Found 0 memories.
all_allocs(tag __anonstruct_Key_21):
  Found 1 allocs.
all_memories(tag __anonstruct_Key_21):
  Found 0 memories.
all_allocs(tag __anonstruct_Key_21):
  Found 1 allocs.
Effects: doing one iteration...
all_memories(tag __anonstruct_Key_21):
  Found 0 memories.
all_allocs(tag __anonstruct_Key_21):
  Found 1 allocs.
all_tags(tag __anonstruct_Key_21):
  Found 1 tags.
all_memories(tag __anonstruct_Key_21):
  Found 0 memories.
all_allocs(tag __anonstruct_Key_21):
  Found 1 allocs.
all_tags(tag __anonstruct_Key_21):
  Found 1 tags.
all_memories(tag __anonstruct_Key_21):
  Found 0 memories.
all_allocs(tag __anonstruct_Key_21):
  Found 1 allocs.
all_memories(tag __anonstruct_Key_21):
  Found 0 memories.
all_allocs(tag __anonstruct_Key_21):
  Found 1 allocs.
Effects: fixpoint reached
Effects for function compareKeys:
 reads:  alloc_table: (key2_65 : alloc-root "__anonstruct_Key_21") at (Here),
                      (key1_64 : alloc-root "__anonstruct_Key_21") at (Here),
                      (v_key2_32 : alloc-root "__anonstruct_Key_21") at (Here,
                      Old),
                      (v_key1_31 : alloc-root "__anonstruct_Key_21") at (Here,
                      Old)
         tag_table: 
         memories: (key2_65 : mem-field "b") at (Here),
                   (key1_64 : mem-field "b") at (Here),
                   (v_key2_32 : mem-field "b") at (Here),
                   (v_key1_31 : mem-field "b") at (Here),
                   (key2_65 : mem-field "a") at (Here),
                   (key1_64 : mem-field "a") at (Here),
                   (v_key2_32 : mem-field "a") at (Here),
                   (v_key1_31 : mem-field "a") at (Here)
         raw memories: (key2_65 : mem-field "b") at (Here),
                       (key1_64 : mem-field "b") at (Here),
                       (v_key2_32 : mem-field "b") at (Here),
                       (v_key1_31 : mem-field "b") at (Here),
                       (key2_65 : mem-field "a") at (Here),
                       (key1_64 : mem-field "a") at (Here),
                       (v_key2_32 : mem-field "a") at (Here),
                       (v_key1_31 : mem-field "a") at (Here)
         precise memories: 
         globals: 
         locals: tmp at (Here), key2 at (Here), key1 at (Here),
                 v_key2 at (Here), v_key1 at (Here)

 writes:  alloc_table: (key2_65 : alloc-root "__anonstruct_Key_21") at (Here),
                       (key1_64 : alloc-root "__anonstruct_Key_21") at (Here)
          tag_table: (key2_65 : __anonstruct_Key_21) at (Here),
                     (key1_64 : __anonstruct_Key_21) at (Here)
          memories: (key2_65 : mem-field "b") at (Here),
                    (key1_64 : mem-field "b") at (Here),
                    (key2_65 : mem-field "a") at (Here),
                    (key1_64 : mem-field "a") at (Here)
          raw memories: (key2_65 : mem-field "b") at (Here),
                        (key1_64 : mem-field "b") at (Here),
                        (key2_65 : mem-field "a") at (Here),
                        (key1_64 : mem-field "a") at (Here)
          precise memories: 
          globals: 
          locals: tmp at (Here), key2 at (Here), key1 at (Here)

 raises: 
Effects: doing one iteration...
all_memories(tag __anonstruct_Item_23):
  Found 2 memories.
all_allocs(tag __anonstruct_Item_23):
  Found 3 allocs.
all_memories(tag __anonstruct_Item_23):
  Found 2 memories.
all_allocs(tag __anonstruct_Item_23):
  Found 3 allocs.
all_memories(tag __anonstruct_Item_23):
  Found 2 memories.
all_allocs(tag __anonstruct_Item_23):
  Found 3 allocs.
Effects: doing one iteration...
all_memories(tag __anonstruct_Item_23):
  Found 2 memories.
all_allocs(tag __anonstruct_Item_23):
  Found 3 allocs.
all_memories(tag __anonstruct_Item_23):
  Found 2 memories.
all_allocs(tag __anonstruct_Item_23):
  Found 3 allocs.
all_memories(tag __anonstruct_Item_23):
  Found 2 memories.
all_allocs(tag __anonstruct_Item_23):
  Found 3 allocs.
Effects: doing one iteration...
all_memories(tag __anonstruct_Item_23):
  Found 2 memories.
all_allocs(tag __anonstruct_Item_23):
  Found 3 allocs.
all_memories(tag __anonstruct_Item_23):
  Found 2 memories.
all_allocs(tag __anonstruct_Item_23):
  Found 3 allocs.
all_memories(tag __anonstruct_Item_23):
  Found 2 memories.
all_allocs(tag __anonstruct_Item_23):
  Found 3 allocs.
Effects: doing one iteration...
all_memories(tag __anonstruct_Item_23):
  Found 2 memories.
all_allocs(tag __anonstruct_Item_23):
  Found 3 allocs.
all_memories(tag __anonstruct_Item_23):
  Found 2 memories.
all_allocs(tag __anonstruct_Item_23):
  Found 3 allocs.
all_memories(tag __anonstruct_Item_23):
  Found 2 memories.
all_allocs(tag __anonstruct_Item_23):
  Found 3 allocs.
Effects: fixpoint reached
Effects for function finalizeMap:
 reads:  alloc_table: (items_68 : alloc-root "voidP") at (Here),
                      (items_68 : alloc-root "__anonstruct_Value_22") at (Here),
                      (map_0_33 : alloc-root "__anonstruct_Map_24") at (Here),
                      (items_68 : alloc-root "__anonstruct_Key_21") at (Here)
         tag_table: 
         memories: (map_0_33 : mem-field "count") at (Here),
                   (map_0_33 : mem-field "capacity") at (Here),
                   (map_0_33 : mem-field "items") at (Here, Old),
                   (items_68 : mem-field "existent") at (Here),
                   (items_68 : mem-field "value_2") at (Here),
                   (items_68 : mem-field "key_2") at (Here),
                   (items_68 : mem-field "b") at (Here),
                   (items_68 : mem-field "a") at (Here)
         raw memories: (map_0_33 : mem-field "items") at (Here, Old),
                       (items_68 : mem-field "value_2") at (Here),
                       (items_68 : mem-field "key_2") at (Here)
         precise memories: 
         globals: 
         locals: map_0 at (Here)

 writes:  alloc_table: (items_68 : alloc-root "voidP") at (Here),
                       (items_68 : alloc-root "__anonstruct_Value_22") at (Here),
                       (items_68 : alloc-root "__anonstruct_Key_21") at (Here)
          tag_table: 
          memories: (map_0_33 : mem-field "items") at (Here)
          raw memories: (map_0_33 : mem-field "items") at (Here)
          precise memories: 
          globals: 
          locals: 

 raises: 
Effects: doing one iteration...
all_memories(tag __anonstruct_Key_21):
  Found 0 memories.
all_allocs(tag __anonstruct_Key_21):
  Found 1 allocs.
all_tags(tag __anonstruct_Key_21):
  Found 1 tags.
all_memories(tag __anonstruct_Key_21):
  Found 0 memories.
all_allocs(tag __anonstruct_Key_21):
  Found 1 allocs.
Effects: doing one iteration...
all_memories(tag __anonstruct_Key_21):
  Found 0 memories.
all_allocs(tag __anonstruct_Key_21):
  Found 1 allocs.
all_tags(tag __anonstruct_Key_21):
  Found 1 tags.
all_memories(tag __anonstruct_Key_21):
  Found 0 memories.
all_allocs(tag __anonstruct_Key_21):
  Found 1 allocs.
Effects: doing one iteration...
all_memories(tag __anonstruct_Key_21):
  Found 0 memories.
all_allocs(tag __anonstruct_Key_21):
  Found 1 allocs.
all_tags(tag __anonstruct_Key_21):
  Found 1 tags.
all_memories(tag __anonstruct_Key_21):
  Found 0 memories.
all_allocs(tag __anonstruct_Key_21):
  Found 1 allocs.
Effects: doing one iteration...
all_memories(tag __anonstruct_Key_21):
  Found 0 memories.
all_allocs(tag __anonstruct_Key_21):
  Found 1 allocs.
all_tags(tag __anonstruct_Key_21):
  Found 1 tags.
all_memories(tag __anonstruct_Key_21):
  Found 0 memories.
all_allocs(tag __anonstruct_Key_21):
  Found 1 allocs.
Effects: fixpoint reached
Effects for function removeElement:
 reads:  alloc_table: (items_70 : alloc-root "voidP") at (Here, Old),
                      (items_70 : alloc-root "__anonstruct_Value_22") at (Here,
                      Old),
                      (value_1_36 : alloc-root "__anonstruct_Value_22") at (Here,
                      Old),
                      (map_3_34 : alloc-root "__anonstruct_Map_24") at (Here,
                      Old),
                      (tmp_key_77 : alloc-root "__anonstruct_Key_21") at (Here),
                      (items_70 : alloc-root "__anonstruct_Key_21") at (Here,
                      Old),
                      (key_1_35 : alloc-root "__anonstruct_Key_21") at (Here)
         tag_table: (items_70 : voidP) at (Here)
         memories: (map_3_34 : mem-field "count") at (Here, Old),
                   (map_3_34 : mem-field "capacity") at (Here, Old),
                   (map_3_34 : mem-field "items") at (Here, Old),
                   (items_70 : mem-field "existent") at (Here, Old),
                   (items_70 : mem-field "value_2") at (Here, Old),
                   (items_70 : mem-field "key_2") at (Here, Old),
                   (items_70 : mem-field "d") at (Here, Old),
                   (value_1_36 : mem-field "d") at (Here, Old),
                   (items_70 : mem-field "c") at (Here, Old),
                   (value_1_36 : mem-field "c") at (Here, Old),
                   (tmp_key_77 : mem-field "b") at (Here),
                   (key_1_72 : mem-field "b") at (Here, Old),
                   (items_70 : mem-field "b") at (Here, Old),
                   (key_1_35 : mem-field "b") at (Here, Old),
                   (tmp_key_77 : mem-field "a") at (Here),
                   (key_1_72 : mem-field "a") at (Here, Old),
                   (items_70 : mem-field "a") at (Here, Old),
                   (key_1_35 : mem-field "a") at (Here, Old)
         raw memories: (map_3_34 : mem-field "count") at (Here, Old),
                       (map_3_34 : mem-field "capacity") at (Here, Old),
                       (map_3_34 : mem-field "items") at (Here, Old),
                       (items_70 : mem-field "existent") at (Here, Old),
                       (items_70 : mem-field "value_2") at (Here, Old),
                       (items_70 : mem-field "key_2") at (Here, Old),
                       (items_70 : mem-field "d") at (Here, Old),
                       (value_1_36 : mem-field "d") at (Here, Old),
                       (items_70 : mem-field "c") at (Here, Old),
                       (value_1_36 : mem-field "c") at (Here, Old),
                       (tmp_key_77 : mem-field "b") at (Here),
                       (items_70 : mem-field "b") at (Here, Old),
                       (key_1_35 : mem-field "b") at (Here),
                       (tmp_key_77 : mem-field "a") at (Here),
                       (items_70 : mem-field "a") at (Here, Old),
                       (key_1_35 : mem-field "a") at (Here)
         precise memories: 
         globals: 
         locals: __retres at (Here), i_0 at (Here), insertIndex at (Here),
                 tmp_key at (Here), i at (Here), foundIndex at (Here),
                 \result at (Here), value_1 at (Here), key_1 at (Here),
                 map_3 at (Here)

 writes:  alloc_table: (tmp_key_77 : alloc-root "__anonstruct_Key_21") at (Here)
          tag_table: (tmp_key_77 : __anonstruct_Key_21) at (Here)
          memories: (map_3_34 : mem-field "count") at (Here, Old),
                    (map_3_34 : mem-field "items") at (Old),
                    (items_70 : mem-field "existent") at (Here, Old),
                    (items_70 : mem-field "d") at (Here, Old),
                    (value_1_36 : mem-field "d") at (Here, Old),
                    (items_70 : mem-field "c") at (Here, Old),
                    (value_1_36 : mem-field "c") at (Here, Old),
                    (tmp_key_77 : mem-field "b") at (Here),
                    (items_70 : mem-field "b") at (Here, Old),
                    (tmp_key_77 : mem-field "a") at (Here),
                    (items_70 : mem-field "a") at (Here, Old)
          raw memories: (map_3_34 : mem-field "count") at (Here, Old),
                        (map_3_34 : mem-field "items") at (Old),
                        (items_70 : mem-field "existent") at (Here, Old),
                        (items_70 : mem-field "d") at (Here, Old),
                        (value_1_36 : mem-field "d") at (Here, Old),
                        (items_70 : mem-field "c") at (Here, Old),
                        (value_1_36 : mem-field "c") at (Here, Old),
                        (tmp_key_77 : mem-field "b") at (Here),
                        (items_70 : mem-field "b") at (Here, Old),
                        (tmp_key_77 : mem-field "a") at (Here),
                        (items_70 : mem-field "a") at (Here, Old)
          precise memories: 
          globals: 
          locals: __retres at (Here), i_0 at (Here), insertIndex at (Here),
                  tmp_key at (Here), i at (Here), foundIndex at (Here)

 raises: 
Effects: doing one iteration...
Effects: doing one iteration...
Effects: doing one iteration...
Effects: doing one iteration...
Effects: fixpoint reached
Effects for function getElement:
 reads:  alloc_table: (items_80 : alloc-root "voidP") at (Here),
                      (items_80 : alloc-root "__anonstruct_Value_22") at (Here),
                      (value_0_39 : alloc-root "__anonstruct_Value_22") at (Here,
                      Old),
                      (map_1_37 : alloc-root "__anonstruct_Map_24") at (Here),
                      (items_80 : alloc-root "__anonstruct_Key_21") at (Here,
                      Old),
                      (key_0_38 : alloc-root "__anonstruct_Key_21") at (Here,
                      Old)
         tag_table: (items_80 : voidP) at (Here)
         memories: (map_1_37 : mem-field "count") at (Here, Pre, Old),
                   (map_1_37 : mem-field "capacity") at (Here, Pre, Old),
                   (map_1_37 : mem-field "items") at (Here, Old),
                   (items_80 : mem-field "existent") at (Here, Old),
                   (items_80 : mem-field "value_2") at (Here, Old),
                   (items_80 : mem-field "key_2") at (Here, Old),
                   (items_80 : mem-field "d") at (Here, Old),
                   (items_80 : mem-field "c") at (Here, Old),
                   (items_80 : mem-field "b") at (Here, Old),
                   (key_0_38 : mem-field "b") at (Here, Old),
                   (items_80 : mem-field "a") at (Here, Old),
                   (key_0_38 : mem-field "a") at (Here, Old)
         raw memories: (map_1_37 : mem-field "count") at (Here, Pre, Old),
                       (map_1_37 : mem-field "capacity") at (Here, Pre, Old),
                       (map_1_37 : mem-field "items") at (Here, Old),
                       (items_80 : mem-field "existent") at (Here, Old),
                       (items_80 : mem-field "value_2") at (Here, Old),
                       (items_80 : mem-field "key_2") at (Here, Old),
                       (items_80 : mem-field "d") at (Here, Old),
                       (items_80 : mem-field "c") at (Here, Old),
                       (items_80 : mem-field "b") at (Here, Old),
                       (key_0_38 : mem-field "b") at (Here),
                       (items_80 : mem-field "a") at (Here, Old),
                       (key_0_38 : mem-field "a") at (Here)
         precise memories: 
         globals: 
         locals: __retres_0 at (Here), tmp_0 at (Here), i_0_0 at (Here),
                 \result at (Here), value_0 at (Here), key_0 at (Here),
                 map_1 at (Here)

 writes:  alloc_table: 
          tag_table: 
          memories: (value_0_39 : mem-field "d") at (Here, Old),
                    (value_0_39 : mem-field "c") at (Here, Old)
          raw memories: (value_0_39 : mem-field "d") at (Here, Old),
                        (value_0_39 : mem-field "c") at (Here, Old)
          precise memories: 
          globals: 
          locals: __retres_0 at (Here), tmp_0 at (Here), i_0_0 at (Here)

 raises: 
Translate logic types
Translate structures
all_allocs(tag __anonstruct_Item_23):
  Found 3 allocs.
all_memories(tag __anonstruct_Item_23):
  Found 2 memories.
all_memories(tag __anonstruct_Item_23):
  Found 2 memories.
all_allocs(tag __anonstruct_Item_23):
  Found 3 allocs.
all_allocs(tag __anonstruct_Item_23):
  Found 3 allocs.
all_memories(tag __anonstruct_Item_23):
  Found 2 memories.
all_allocs(tag __anonstruct_Item_23):
  Found 3 allocs.
all_tags(tag __anonstruct_Item_23):
  Found 3 tags.
all_memories(tag __anonstruct_Item_23):
  Found 2 memories.
all_memories(tag __anonstruct_Item_23):
  Found 2 memories.
all_tags(tag __anonstruct_Item_23):
  Found 3 tags.
all_memories(tag __anonstruct_Item_23):
  Found 2 memories.
all_tags(tag __anonstruct_Item_23):
  Found 3 tags.
all_memories(tag __anonstruct_Item_23):
  Found 2 memories.
all_tags(tag __anonstruct_Item_23):
  Found 3 tags.
all_memories(tag __anonstruct_Item_23):
  Found 2 memories.
all_allocs(tag __anonstruct_Item_23):
  Found 3 allocs.
all_tags(tag __anonstruct_Item_23):
  Found 3 tags.
all_memories(tag __anonstruct_Item_23):
  Found 2 memories.
all_allocs(tag __anonstruct_Item_23):
  Found 3 allocs.
all_memories(tag __anonstruct_Item_23):
  Found 2 memories.
all_memories(tag __anonstruct_Item_23):
  Found 2 memories.
all_allocs(tag __anonstruct_Item_23):
  Found 3 allocs.
all_allocs(tag __anonstruct_Item_23):
  Found 3 allocs.
all_memories(tag __anonstruct_Item_23):
  Found 2 memories.
all_memories(tag __anonstruct_Item_23):
  Found 2 memories.
all_allocs(tag __anonstruct_Item_23):
  Found 3 allocs.
all_allocs(tag __anonstruct_Item_23):
  Found 3 allocs.
all_memories(tag __anonstruct_Item_23):
  Found 2 memories.
all_allocs(tag __anonstruct_Item_23):
  Found 3 allocs.
all_tags(tag __anonstruct_Item_23):
  Found 3 tags.
all_memories(tag __anonstruct_Item_23):
  Found 2 memories.
all_memories(tag __anonstruct_Item_23):
  Found 2 memories.
all_tags(tag __anonstruct_Item_23):
  Found 3 tags.
all_memories(tag __anonstruct_Item_23):
  Found 2 memories.
all_tags(tag __anonstruct_Item_23):
  Found 3 tags.
all_memories(tag __anonstruct_Item_23):
  Found 2 memories.
all_tags(tag __anonstruct_Item_23):
  Found 3 tags.
all_memories(tag __anonstruct_Item_23):
  Found 2 memories.
all_allocs(tag __anonstruct_Item_23):
  Found 3 allocs.
all_tags(tag __anonstruct_Item_23):
  Found 3 tags.
all_memories(tag __anonstruct_Item_23):
  Found 2 memories.
all_allocs(tag __anonstruct_Item_23):
  Found 3 allocs.
all_memories(tag __anonstruct_Item_23):
  Found 2 memories.
all_memories(tag __anonstruct_Item_23):
  Found 2 memories.
all_allocs(tag __anonstruct_Item_23):
  Found 3 allocs.
all_allocs(tag __anonstruct_Item_23):
  Found 3 allocs.
all_tags(tag __anonstruct_Item_23):
  Found 3 tags.
all_memories(tag __anonstruct_Item_23):
  Found 2 memories.
all_memories(tag __anonstruct_Item_23):
  Found 2 memories.
all_tags(tag __anonstruct_Item_23):
  Found 3 tags.
all_memories(tag __anonstruct_Item_23):
  Found 2 memories.
all_tags(tag __anonstruct_Item_23):
  Found 3 tags.
all_memories(tag __anonstruct_Item_23):
  Found 2 memories.
all_tags(tag __anonstruct_Item_23):
  Found 3 tags.
all_memories(tag __anonstruct_Item_23):
  Found 2 memories.
all_allocs(tag __anonstruct_Item_23):
  Found 3 allocs.
all_tags(tag __anonstruct_Item_23):
  Found 3 tags.
all_memories(tag __anonstruct_Item_23):
  Found 2 memories.
all_allocs(tag __anonstruct_Item_23):
  Found 3 allocs.
all_memories(tag __anonstruct_Item_23):
  Found 2 memories.
all_memories(tag __anonstruct_Item_23):
  Found 2 memories.
all_allocs(tag __anonstruct_Item_23):
  Found 3 allocs.
all_tags(tag __anonstruct_Item_23):
  Found 3 tags.
all_memories(tag __anonstruct_Item_23):
  Found 2 memories.
all_allocs(tag __anonstruct_Item_23):
  Found 3 allocs.
all_memories(tag __anonstruct_Item_23):
  Found 2 memories.
all_allocs(tag __anonstruct_Item_23):
  Found 3 allocs.
all_memories(tag __anonstruct_Item_23):
  Found 2 memories.
all_memories(tag __anonstruct_Item_23):
  Found 2 memories.
all_tags(tag __anonstruct_Item_23):
  Found 3 tags.
all_memories(tag voidP):
  Found 0 memories.
all_tags(tag voidP):
  Found 1 tags.
all_memories(tag __anonstruct_Value_22):
  Found 0 memories.
all_tags(tag __anonstruct_Value_22):
  Found 1 tags.
all_memories(tag __anonstruct_Key_21):
  Found 0 memories.
all_tags(tag __anonstruct_Key_21):
  Found 1 tags.
all_memories(tag __anonstruct_Value_22):
  Found 0 memories.
all_tags(tag __anonstruct_Value_22):
  Found 1 tags.
all_memories(tag __anonstruct_Key_21):
  Found 0 memories.
all_tags(tag __anonstruct_Key_21):
  Found 1 tags.
all_memories(tag __anonstruct_Item_23):
  Found 2 memories.
all_allocs(tag __anonstruct_Item_23):
  Found 3 allocs.
all_memories(tag voidP):
  Found 0 memories.
all_allocs(tag voidP):
  Found 1 allocs.
all_memories(tag __anonstruct_Value_22):
  Found 0 memories.
all_allocs(tag __anonstruct_Value_22):
  Found 1 allocs.
all_memories(tag __anonstruct_Key_21):
  Found 0 memories.
all_allocs(tag __anonstruct_Key_21):
  Found 1 allocs.
all_memories(tag __anonstruct_Value_22):
  Found 0 memories.
all_allocs(tag __anonstruct_Value_22):
  Found 1 allocs.
all_memories(tag __anonstruct_Key_21):
  Found 0 memories.
all_allocs(tag __anonstruct_Key_21):
  Found 1 allocs.
all_memories(tag __anonstruct_Item_23):
  Found 2 memories.
all_tags(tag __anonstruct_Item_23):
  Found 3 tags.
all_memories(tag __anonstruct_Value_22):
  Found 0 memories.
all_tags(tag __anonstruct_Value_22):
  Found 1 tags.
all_memories(tag __anonstruct_Key_21):
  Found 0 memories.
all_tags(tag __anonstruct_Key_21):
  Found 1 tags.
all_memories(tag __anonstruct_Item_23):
  Found 2 memories.
all_tags(tag __anonstruct_Item_23):
  Found 3 tags.
all_memories(tag __anonstruct_Value_22):
  Found 0 memories.
all_tags(tag __anonstruct_Value_22):
  Found 1 tags.
all_memories(tag __anonstruct_Key_21):
  Found 0 memories.
all_tags(tag __anonstruct_Key_21):
  Found 1 tags.
all_memories(tag __anonstruct_Value_22):
  Found 0 memories.
all_tags(tag __anonstruct_Value_22):
  Found 1 tags.
all_memories(tag __anonstruct_Key_21):
  Found 0 memories.
all_tags(tag __anonstruct_Key_21):
  Found 1 tags.
all_memories(tag __anonstruct_Value_22):
  Found 0 memories.
all_tags(tag __anonstruct_Value_22):
  Found 1 tags.
all_memories(tag __anonstruct_Key_21):
  Found 0 memories.
all_tags(tag __anonstruct_Key_21):
  Found 1 tags.
all_memories(tag __anonstruct_Item_23):
  Found 2 memories.
all_tags(tag __anonstruct_Item_23):
  Found 3 tags.
all_memories(tag __anonstruct_Value_22):
  Found 0 memories.
all_tags(tag __anonstruct_Value_22):
  Found 1 tags.
all_memories(tag __anonstruct_Key_21):
  Found 0 memories.
all_tags(tag __anonstruct_Key_21):
  Found 1 tags.
all_memories(tag __anonstruct_Item_23):
  Found 2 memories.
all_tags(tag __anonstruct_Item_23):
  Found 3 tags.
all_memories(tag __anonstruct_Value_22):
  Found 0 memories.
all_tags(tag __anonstruct_Value_22):
  Found 1 tags.
all_memories(tag __anonstruct_Key_21):
  Found 0 memories.
all_tags(tag __anonstruct_Key_21):
  Found 1 tags.
all_memories(tag __anonstruct_Value_22):
  Found 0 memories.
all_tags(tag __anonstruct_Value_22):
  Found 1 tags.
all_memories(tag __anonstruct_Key_21):
  Found 0 memories.
all_tags(tag __anonstruct_Key_21):
  Found 1 tags.
all_memories(tag __anonstruct_Value_22):
  Found 0 memories.
all_tags(tag __anonstruct_Value_22):
  Found 1 tags.
all_memories(tag __anonstruct_Key_21):
  Found 0 memories.
all_tags(tag __anonstruct_Key_21):
  Found 1 tags.
all_memories(tag __anonstruct_Item_23):
  Found 2 memories.
all_tags(tag __anonstruct_Item_23):
  Found 3 tags.
all_memories(tag __anonstruct_Value_22):
  Found 0 memories.
all_tags(tag __anonstruct_Value_22):
  Found 1 tags.
all_memories(tag __anonstruct_Key_21):
  Found 0 memories.
all_tags(tag __anonstruct_Key_21):
  Found 1 tags.
all_memories(tag __anonstruct_Item_23):
  Found 2 memories.
all_tags(tag __anonstruct_Item_23):
  Found 3 tags.
all_memories(tag __anonstruct_Value_22):
  Found 0 memories.
all_tags(tag __anonstruct_Value_22):
  Found 1 tags.
all_memories(tag __anonstruct_Key_21):
  Found 0 memories.
all_tags(tag __anonstruct_Key_21):
  Found 1 tags.
all_memories(tag __anonstruct_Value_22):
  Found 0 memories.
all_tags(tag __anonstruct_Value_22):
  Found 1 tags.
all_memories(tag __anonstruct_Key_21):
  Found 0 memories.
all_tags(tag __anonstruct_Key_21):
  Found 1 tags.
all_memories(tag __anonstruct_Value_22):
  Found 0 memories.
all_tags(tag __anonstruct_Value_22):
  Found 1 tags.
all_memories(tag __anonstruct_Key_21):
  Found 0 memories.
all_tags(tag __anonstruct_Key_21):
  Found 1 tags.
all_memories(tag __anonstruct_Item_23):
  Found 2 memories.
all_allocs(tag __anonstruct_Item_23):
  Found 3 allocs.
all_memories(tag voidP):
  Found 0 memories.
all_allocs(tag voidP):
  Found 1 allocs.
all_memories(tag __anonstruct_Value_22):
  Found 0 memories.
all_allocs(tag __anonstruct_Value_22):
  Found 1 allocs.
all_memories(tag __anonstruct_Key_21):
  Found 0 memories.
all_allocs(tag __anonstruct_Key_21):
  Found 1 allocs.
all_memories(tag __anonstruct_Item_23):
  Found 2 memories.
all_allocs(tag __anonstruct_Item_23):
  Found 3 allocs.
all_memories(tag voidP):
  Found 0 memories.
all_allocs(tag voidP):
  Found 1 allocs.
all_memories(tag __anonstruct_Value_22):
  Found 0 memories.
all_allocs(tag __anonstruct_Value_22):
  Found 1 allocs.
all_memories(tag __anonstruct_Key_21):
  Found 0 memories.
all_allocs(tag __anonstruct_Key_21):
  Found 1 allocs.
all_memories(tag __anonstruct_Item_23):
  Found 2 memories.
all_allocs(tag __anonstruct_Item_23):
  Found 3 allocs.
all_memories(tag voidP):
  Found 0 memories.
all_allocs(tag voidP):
  Found 1 allocs.
all_memories(tag __anonstruct_Value_22):
  Found 0 memories.
all_allocs(tag __anonstruct_Value_22):
  Found 1 allocs.
all_memories(tag __anonstruct_Key_21):
  Found 0 memories.
all_allocs(tag __anonstruct_Key_21):
  Found 1 allocs.
all_memories(tag __anonstruct_Item_23):
  Found 2 memories.
all_allocs(tag __anonstruct_Item_23):
  Found 3 allocs.
all_memories(tag voidP):
  Found 0 memories.
all_allocs(tag voidP):
  Found 1 allocs.
all_memories(tag __anonstruct_Value_22):
  Found 0 memories.
all_allocs(tag __anonstruct_Value_22):
  Found 1 allocs.
all_memories(tag __anonstruct_Key_21):
  Found 0 memories.
all_allocs(tag __anonstruct_Key_21):
  Found 1 allocs.
all_memories(tag __anonstruct_Value_22):
  Found 0 memories.
all_allocs(tag __anonstruct_Value_22):
  Found 1 allocs.
all_memories(tag __anonstruct_Key_21):
  Found 0 memories.
all_allocs(tag __anonstruct_Key_21):
  Found 1 allocs.
all_memories(tag __anonstruct_Value_22):
  Found 0 memories.
all_allocs(tag __anonstruct_Value_22):
  Found 1 allocs.
all_memories(tag __anonstruct_Key_21):
  Found 0 memories.
all_allocs(tag __anonstruct_Key_21):
  Found 1 allocs.
all_memories(tag __anonstruct_Item_23):
  Found 2 memories.
all_allocs(tag __anonstruct_Item_23):
  Found 3 allocs.
all_memories(tag voidP):
  Found 0 memories.
all_allocs(tag voidP):
  Found 1 allocs.
all_memories(tag __anonstruct_Value_22):
  Found 0 memories.
all_allocs(tag __anonstruct_Value_22):
  Found 1 allocs.
all_memories(tag __anonstruct_Key_21):
  Found 0 memories.
all_allocs(tag __anonstruct_Key_21):
  Found 1 allocs.
all_memories(tag __anonstruct_Value_22):
  Found 0 memories.
all_allocs(tag __anonstruct_Value_22):
  Found 1 allocs.
all_memories(tag __anonstruct_Key_21):
  Found 0 memories.
all_allocs(tag __anonstruct_Key_21):
  Found 1 allocs.
all_memories(tag __anonstruct_Value_22):
  Found 0 memories.
all_allocs(tag __anonstruct_Value_22):
  Found 1 allocs.
all_memories(tag __anonstruct_Key_21):
  Found 0 memories.
all_allocs(tag __anonstruct_Key_21):
  Found 1 allocs.
all_allocs(tag __anonstruct_Key_21):
  Found 1 allocs.
all_memories(tag __anonstruct_Key_21):
  Found 0 memories.
all_memories(tag __anonstruct_Key_21):
  Found 0 memories.
all_allocs(tag __anonstruct_Key_21):
  Found 1 allocs.
all_allocs(tag __anonstruct_Key_21):
  Found 1 allocs.
all_memories(tag __anonstruct_Key_21):
  Found 0 memories.
all_allocs(tag __anonstruct_Key_21):
  Found 1 allocs.
all_tags(tag __anonstruct_Key_21):
  Found 1 tags.
all_memories(tag __anonstruct_Key_21):
  Found 0 memories.
all_memories(tag __anonstruct_Key_21):
  Found 0 memories.
all_tags(tag __anonstruct_Key_21):
  Found 1 tags.
all_memories(tag __anonstruct_Key_21):
  Found 0 memories.
all_tags(tag __anonstruct_Key_21):
  Found 1 tags.
all_memories(tag __anonstruct_Key_21):
  Found 0 memories.
all_tags(tag __anonstruct_Key_21):
  Found 1 tags.
all_memories(tag __anonstruct_Key_21):
  Found 0 memories.
all_allocs(tag __anonstruct_Key_21):
  Found 1 allocs.
all_tags(tag __anonstruct_Key_21):
  Found 1 tags.
all_memories(tag __anonstruct_Key_21):
  Found 0 memories.
all_allocs(tag __anonstruct_Key_21):
  Found 1 allocs.
all_memories(tag __anonstruct_Key_21):
  Found 0 memories.
all_memories(tag __anonstruct_Key_21):
  Found 0 memories.
all_allocs(tag __anonstruct_Key_21):
  Found 1 allocs.
all_allocs(tag __anonstruct_Key_21):
  Found 1 allocs.
all_memories(tag __anonstruct_Key_21):
  Found 0 memories.
all_memories(tag __anonstruct_Key_21):
  Found 0 memories.
all_allocs(tag __anonstruct_Key_21):
  Found 1 allocs.
all_allocs(tag __anonstruct_Key_21):
  Found 1 allocs.
all_memories(tag __anonstruct_Key_21):
  Found 0 memories.
all_allocs(tag __anonstruct_Key_21):
  Found 1 allocs.
all_tags(tag __anonstruct_Key_21):
  Found 1 tags.
all_memories(tag __anonstruct_Key_21):
  Found 0 memories.
all_memories(tag __anonstruct_Key_21):
  Found 0 memories.
all_tags(tag __anonstruct_Key_21):
  Found 1 tags.
all_memories(tag __anonstruct_Key_21):
  Found 0 memories.
all_tags(tag __anonstruct_Key_21):
  Found 1 tags.
all_memories(tag __anonstruct_Key_21):
  Found 0 memories.
all_tags(tag __anonstruct_Key_21):
  Found 1 tags.
all_memories(tag __anonstruct_Key_21):
  Found 0 memories.
all_allocs(tag __anonstruct_Key_21):
  Found 1 allocs.
all_tags(tag __anonstruct_Key_21):
  Found 1 tags.
all_memories(tag __anonstruct_Key_21):
  Found 0 memories.
all_allocs(tag __anonstruct_Key_21):
  Found 1 allocs.
all_memories(tag __anonstruct_Key_21):
  Found 0 memories.
all_memories(tag __anonstruct_Key_21):
  Found 0 memories.
all_allocs(tag __anonstruct_Key_21):
  Found 1 allocs.
all_allocs(tag __anonstruct_Key_21):
  Found 1 allocs.
all_tags(tag __anonstruct_Key_21):
  Found 1 tags.
all_memories(tag __anonstruct_Key_21):
  Found 0 memories.
all_memories(tag __anonstruct_Key_21):
  Found 0 memories.
all_tags(tag __anonstruct_Key_21):
  Found 1 tags.
all_memories(tag __anonstruct_Key_21):
  Found 0 memories.
all_tags(tag __anonstruct_Key_21):
  Found 1 tags.
all_memories(tag __anonstruct_Key_21):
  Found 0 memories.
all_tags(tag __anonstruct_Key_21):
  Found 1 tags.
all_memories(tag __anonstruct_Key_21):
  Found 0 memories.
all_allocs(tag __anonstruct_Key_21):
  Found 1 allocs.
all_tags(tag __anonstruct_Key_21):
  Found 1 tags.
all_memories(tag __anonstruct_Key_21):
  Found 0 memories.
all_allocs(tag __anonstruct_Key_21):
  Found 1 allocs.
all_memories(tag __anonstruct_Key_21):
  Found 0 memories.
all_memories(tag __anonstruct_Key_21):
  Found 0 memories.
all_allocs(tag __anonstruct_Key_21):
  Found 1 allocs.
all_tags(tag __anonstruct_Key_21):
  Found 1 tags.
all_memories(tag __anonstruct_Key_21):
  Found 0 memories.
all_allocs(tag __anonstruct_Key_21):
  Found 1 allocs.
all_memories(tag __anonstruct_Key_21):
  Found 0 memories.
all_allocs(tag __anonstruct_Key_21):
  Found 1 allocs.
all_memories(tag __anonstruct_Key_21):
  Found 0 memories.
all_memories(tag __anonstruct_Key_21):
  Found 0 memories.
all_tags(tag __anonstruct_Key_21):
  Found 1 tags.
all_memories(tag __anonstruct_Key_21):
  Found 0 memories.
all_allocs(tag __anonstruct_Key_21):
  Found 1 allocs.
all_memories(tag __anonstruct_Key_21):
  Found 0 memories.
all_tags(tag __anonstruct_Key_21):
  Found 1 tags.
all_memories(tag __anonstruct_Key_21):
  Found 0 memories.
all_tags(tag __anonstruct_Key_21):
  Found 1 tags.
all_memories(tag __anonstruct_Key_21):
  Found 0 memories.
all_tags(tag __anonstruct_Key_21):
  Found 1 tags.
all_memories(tag __anonstruct_Key_21):
  Found 0 memories.
all_tags(tag __anonstruct_Key_21):
  Found 1 tags.
all_memories(tag __anonstruct_Key_21):
  Found 0 memories.
all_tags(tag __anonstruct_Key_21):
  Found 1 tags.
all_memories(tag __anonstruct_Key_21):
  Found 0 memories.
all_tags(tag __anonstruct_Key_21):
  Found 1 tags.
all_memories(tag __anonstruct_Key_21):
  Found 0 memories.
all_allocs(tag __anonstruct_Key_21):
  Found 1 allocs.
all_memories(tag __anonstruct_Key_21):
  Found 0 memories.
all_allocs(tag __anonstruct_Key_21):
  Found 1 allocs.
all_memories(tag __anonstruct_Key_21):
  Found 0 memories.
all_allocs(tag __anonstruct_Key_21):
  Found 1 allocs.
all_memories(tag __anonstruct_Key_21):
  Found 0 memories.
all_allocs(tag __anonstruct_Key_21):
  Found 1 allocs.
all_memories(tag __anonstruct_Key_21):
  Found 0 memories.
all_allocs(tag __anonstruct_Key_21):
  Found 1 allocs.
all_allocs(tag __anonstruct_Map_24):
  Found 1 allocs.
all_memories(tag __anonstruct_Map_24):
  Found 0 memories.
all_memories(tag __anonstruct_Map_24):
  Found 0 memories.
all_allocs(tag __anonstruct_Map_24):
  Found 1 allocs.
all_allocs(tag __anonstruct_Map_24):
  Found 1 allocs.
all_memories(tag __anonstruct_Map_24):
  Found 0 memories.
all_allocs(tag __anonstruct_Map_24):
  Found 1 allocs.
all_tags(tag __anonstruct_Map_24):
  Found 1 tags.
all_memories(tag __anonstruct_Map_24):
  Found 0 memories.
all_memories(tag __anonstruct_Map_24):
  Found 0 memories.
all_tags(tag __anonstruct_Map_24):
  Found 1 tags.
all_memories(tag __anonstruct_Map_24):
  Found 0 memories.
all_tags(tag __anonstruct_Map_24):
  Found 1 tags.
all_memories(tag __anonstruct_Map_24):
  Found 0 memories.
all_tags(tag __anonstruct_Map_24):
  Found 1 tags.
all_memories(tag __anonstruct_Map_24):
  Found 0 memories.
all_allocs(tag __anonstruct_Map_24):
  Found 1 allocs.
all_tags(tag __anonstruct_Map_24):
  Found 1 tags.
all_memories(tag __anonstruct_Map_24):
  Found 0 memories.
all_allocs(tag __anonstruct_Map_24):
  Found 1 allocs.
all_memories(tag __anonstruct_Map_24):
  Found 0 memories.
all_memories(tag __anonstruct_Map_24):
  Found 0 memories.
all_allocs(tag __anonstruct_Map_24):
  Found 1 allocs.
all_allocs(tag __anonstruct_Map_24):
  Found 1 allocs.
all_memories(tag __anonstruct_Map_24):
  Found 0 memories.
all_memories(tag __anonstruct_Map_24):
  Found 0 memories.
all_allocs(tag __anonstruct_Map_24):
  Found 1 allocs.
all_allocs(tag __anonstruct_Map_24):
  Found 1 allocs.
all_memories(tag __anonstruct_Map_24):
  Found 0 memories.
all_allocs(tag __anonstruct_Map_24):
  Found 1 allocs.
all_tags(tag __anonstruct_Map_24):
  Found 1 tags.
all_memories(tag __anonstruct_Map_24):
  Found 0 memories.
all_memories(tag __anonstruct_Map_24):
  Found 0 memories.
all_tags(tag __anonstruct_Map_24):
  Found 1 tags.
all_memories(tag __anonstruct_Map_24):
  Found 0 memories.
all_tags(tag __anonstruct_Map_24):
  Found 1 tags.
all_memories(tag __anonstruct_Map_24):
  Found 0 memories.
all_tags(tag __anonstruct_Map_24):
  Found 1 tags.
all_memories(tag __anonstruct_Map_24):
  Found 0 memories.
all_allocs(tag __anonstruct_Map_24):
  Found 1 allocs.
all_tags(tag __anonstruct_Map_24):
  Found 1 tags.
all_memories(tag __anonstruct_Map_24):
  Found 0 memories.
all_allocs(tag __anonstruct_Map_24):
  Found 1 allocs.
all_memories(tag __anonstruct_Map_24):
  Found 0 memories.
all_memories(tag __anonstruct_Map_24):
  Found 0 memories.
all_allocs(tag __anonstruct_Map_24):
  Found 1 allocs.
all_allocs(tag __anonstruct_Map_24):
  Found 1 allocs.
all_tags(tag __anonstruct_Map_24):
  Found 1 tags.
all_memories(tag __anonstruct_Map_24):
  Found 0 memories.
all_memories(tag __anonstruct_Map_24):
  Found 0 memories.
all_tags(tag __anonstruct_Map_24):
  Found 1 tags.
all_memories(tag __anonstruct_Map_24):
  Found 0 memories.
all_tags(tag __anonstruct_Map_24):
  Found 1 tags.
all_memories(tag __anonstruct_Map_24):
  Found 0 memories.
all_tags(tag __anonstruct_Map_24):
  Found 1 tags.
all_memories(tag __anonstruct_Map_24):
  Found 0 memories.
all_allocs(tag __anonstruct_Map_24):
  Found 1 allocs.
all_tags(tag __anonstruct_Map_24):
  Found 1 tags.
all_memories(tag __anonstruct_Map_24):
  Found 0 memories.
all_allocs(tag __anonstruct_Map_24):
  Found 1 allocs.
all_memories(tag __anonstruct_Map_24):
  Found 0 memories.
all_memories(tag __anonstruct_Map_24):
  Found 0 memories.
all_allocs(tag __anonstruct_Map_24):
  Found 1 allocs.
all_tags(tag __anonstruct_Map_24):
  Found 1 tags.
all_memories(tag __anonstruct_Map_24):
  Found 0 memories.
all_allocs(tag __anonstruct_Map_24):
  Found 1 allocs.
all_memories(tag __anonstruct_Map_24):
  Found 0 memories.
all_allocs(tag __anonstruct_Map_24):
  Found 1 allocs.
all_memories(tag __anonstruct_Map_24):
  Found 0 memories.
all_memories(tag __anonstruct_Map_24):
  Found 0 memories.
all_tags(tag __anonstruct_Map_24):
  Found 1 tags.
all_memories(tag __anonstruct_Map_24):
  Found 0 memories.
all_allocs(tag __anonstruct_Map_24):
  Found 1 allocs.
all_memories(tag __anonstruct_Map_24):
  Found 0 memories.
all_tags(tag __anonstruct_Map_24):
  Found 1 tags.
all_memories(tag __anonstruct_Map_24):
  Found 0 memories.
all_tags(tag __anonstruct_Map_24):
  Found 1 tags.
all_memories(tag __anonstruct_Map_24):
  Found 0 memories.
all_tags(tag __anonstruct_Map_24):
  Found 1 tags.
all_memories(tag __anonstruct_Map_24):
  Found 0 memories.
all_tags(tag __anonstruct_Map_24):
  Found 1 tags.
all_memories(tag __anonstruct_Map_24):
  Found 0 memories.
all_tags(tag __anonstruct_Map_24):
  Found 1 tags.
all_memories(tag __anonstruct_Map_24):
  Found 0 memories.
all_tags(tag __anonstruct_Map_24):
  Found 1 tags.
all_memories(tag __anonstruct_Map_24):
  Found 0 memories.
all_allocs(tag __anonstruct_Map_24):
  Found 1 allocs.
all_memories(tag __anonstruct_Map_24):
  Found 0 memories.
all_allocs(tag __anonstruct_Map_24):
  Found 1 allocs.
all_memories(tag __anonstruct_Map_24):
  Found 0 memories.
all_allocs(tag __anonstruct_Map_24):
  Found 1 allocs.
all_memories(tag __anonstruct_Map_24):
  Found 0 memories.
all_allocs(tag __anonstruct_Map_24):
  Found 1 allocs.
all_memories(tag __anonstruct_Map_24):
  Found 0 memories.
all_allocs(tag __anonstruct_Map_24):
  Found 1 allocs.
all_allocs(tag __anonstruct_Value_22):
  Found 1 allocs.
all_memories(tag __anonstruct_Value_22):
  Found 0 memories.
all_memories(tag __anonstruct_Value_22):
  Found 0 memories.
all_allocs(tag __anonstruct_Value_22):
  Found 1 allocs.
all_allocs(tag __anonstruct_Value_22):
  Found 1 allocs.
all_memories(tag __anonstruct_Value_22):
  Found 0 memories.
all_allocs(tag __anonstruct_Value_22):
  Found 1 allocs.
all_tags(tag __anonstruct_Value_22):
  Found 1 tags.
all_memories(tag __anonstruct_Value_22):
  Found 0 memories.
all_memories(tag __anonstruct_Value_22):
  Found 0 memories.
all_tags(tag __anonstruct_Value_22):
  Found 1 tags.
all_memories(tag __anonstruct_Value_22):
  Found 0 memories.
all_tags(tag __anonstruct_Value_22):
  Found 1 tags.
all_memories(tag __anonstruct_Value_22):
  Found 0 memories.
all_tags(tag __anonstruct_Value_22):
  Found 1 tags.
all_memories(tag __anonstruct_Value_22):
  Found 0 memories.
all_allocs(tag __anonstruct_Value_22):
  Found 1 allocs.
all_tags(tag __anonstruct_Value_22):
  Found 1 tags.
all_memories(tag __anonstruct_Value_22):
  Found 0 memories.
all_allocs(tag __anonstruct_Value_22):
  Found 1 allocs.
all_memories(tag __anonstruct_Value_22):
  Found 0 memories.
all_memories(tag __anonstruct_Value_22):
  Found 0 memories.
all_allocs(tag __anonstruct_Value_22):
  Found 1 allocs.
all_allocs(tag __anonstruct_Value_22):
  Found 1 allocs.
all_memories(tag __anonstruct_Value_22):
  Found 0 memories.
all_memories(tag __anonstruct_Value_22):
  Found 0 memories.
all_allocs(tag __anonstruct_Value_22):
  Found 1 allocs.
all_allocs(tag __anonstruct_Value_22):
  Found 1 allocs.
all_memories(tag __anonstruct_Value_22):
  Found 0 memories.
all_allocs(tag __anonstruct_Value_22):
  Found 1 allocs.
all_tags(tag __anonstruct_Value_22):
  Found 1 tags.
all_memories(tag __anonstruct_Value_22):
  Found 0 memories.
all_memories(tag __anonstruct_Value_22):
  Found 0 memories.
all_tags(tag __anonstruct_Value_22):
  Found 1 tags.
all_memories(tag __anonstruct_Value_22):
  Found 0 memories.
all_tags(tag __anonstruct_Value_22):
  Found 1 tags.
all_memories(tag __anonstruct_Value_22):
  Found 0 memories.
all_tags(tag __anonstruct_Value_22):
  Found 1 tags.
all_memories(tag __anonstruct_Value_22):
  Found 0 memories.
all_allocs(tag __anonstruct_Value_22):
  Found 1 allocs.
all_tags(tag __anonstruct_Value_22):
  Found 1 tags.
all_memories(tag __anonstruct_Value_22):
  Found 0 memories.
all_allocs(tag __anonstruct_Value_22):
  Found 1 allocs.
all_memories(tag __anonstruct_Value_22):
  Found 0 memories.
all_memories(tag __anonstruct_Value_22):
  Found 0 memories.
all_allocs(tag __anonstruct_Value_22):
  Found 1 allocs.
all_allocs(tag __anonstruct_Value_22):
  Found 1 allocs.
all_tags(tag __anonstruct_Value_22):
  Found 1 tags.
all_memories(tag __anonstruct_Value_22):
  Found 0 memories.
all_memories(tag __anonstruct_Value_22):
  Found 0 memories.
all_tags(tag __anonstruct_Value_22):
  Found 1 tags.
all_memories(tag __anonstruct_Value_22):
  Found 0 memories.
all_tags(tag __anonstruct_Value_22):
  Found 1 tags.
all_memories(tag __anonstruct_Value_22):
  Found 0 memories.
all_tags(tag __anonstruct_Value_22):
  Found 1 tags.
all_memories(tag __anonstruct_Value_22):
  Found 0 memories.
all_allocs(tag __anonstruct_Value_22):
  Found 1 allocs.
all_tags(tag __anonstruct_Value_22):
  Found 1 tags.
all_memories(tag __anonstruct_Value_22):
  Found 0 memories.
all_allocs(tag __anonstruct_Value_22):
  Found 1 allocs.
all_memories(tag __anonstruct_Value_22):
  Found 0 memories.
all_memories(tag __anonstruct_Value_22):
  Found 0 memories.
all_allocs(tag __anonstruct_Value_22):
  Found 1 allocs.
all_tags(tag __anonstruct_Value_22):
  Found 1 tags.
all_memories(tag __anonstruct_Value_22):
  Found 0 memories.
all_allocs(tag __anonstruct_Value_22):
  Found 1 allocs.
all_memories(tag __anonstruct_Value_22):
  Found 0 memories.
all_allocs(tag __anonstruct_Value_22):
  Found 1 allocs.
all_memories(tag __anonstruct_Value_22):
  Found 0 memories.
all_memories(tag __anonstruct_Value_22):
  Found 0 memories.
all_tags(tag __anonstruct_Value_22):
  Found 1 tags.
all_memories(tag __anonstruct_Value_22):
  Found 0 memories.
all_allocs(tag __anonstruct_Value_22):
  Found 1 allocs.
all_memories(tag __anonstruct_Value_22):
  Found 0 memories.
all_tags(tag __anonstruct_Value_22):
  Found 1 tags.
all_memories(tag __anonstruct_Value_22):
  Found 0 memories.
all_tags(tag __anonstruct_Value_22):
  Found 1 tags.
all_memories(tag __anonstruct_Value_22):
  Found 0 memories.
all_tags(tag __anonstruct_Value_22):
  Found 1 tags.
all_memories(tag __anonstruct_Value_22):
  Found 0 memories.
all_tags(tag __anonstruct_Value_22):
  Found 1 tags.
all_memories(tag __anonstruct_Value_22):
  Found 0 memories.
all_tags(tag __anonstruct_Value_22):
  Found 1 tags.
all_memories(tag __anonstruct_Value_22):
  Found 0 memories.
all_tags(tag __anonstruct_Value_22):
  Found 1 tags.
all_memories(tag __anonstruct_Value_22):
  Found 0 memories.
all_allocs(tag __anonstruct_Value_22):
  Found 1 allocs.
all_memories(tag __anonstruct_Value_22):
  Found 0 memories.
all_allocs(tag __anonstruct_Value_22):
  Found 1 allocs.
all_memories(tag __anonstruct_Value_22):
  Found 0 memories.
all_allocs(tag __anonstruct_Value_22):
  Found 1 allocs.
all_memories(tag __anonstruct_Value_22):
  Found 0 memories.
all_allocs(tag __anonstruct_Value_22):
  Found 1 allocs.
all_memories(tag __anonstruct_Value_22):
  Found 0 memories.
all_allocs(tag __anonstruct_Value_22):
  Found 1 allocs.
all_allocs(tag charP):
  Found 1 allocs.
all_memories(tag charP):
  Found 0 memories.
all_memories(tag charP):
  Found 0 memories.
all_allocs(tag charP):
  Found 1 allocs.
all_allocs(tag charP):
  Found 1 allocs.
all_memories(tag charP):
  Found 0 memories.
all_allocs(tag charP):
  Found 1 allocs.
all_tags(tag charP):
  Found 1 tags.
all_memories(tag charP):
  Found 0 memories.
all_memories(tag charP):
  Found 0 memories.
all_tags(tag charP):
  Found 1 tags.
all_memories(tag charP):
  Found 0 memories.
all_tags(tag charP):
  Found 1 tags.
all_memories(tag charP):
  Found 0 memories.
all_tags(tag charP):
  Found 1 tags.
all_memories(tag charP):
  Found 0 memories.
all_allocs(tag charP):
  Found 1 allocs.
all_tags(tag charP):
  Found 1 tags.
all_memories(tag charP):
  Found 0 memories.
all_allocs(tag charP):
  Found 1 allocs.
all_memories(tag charP):
  Found 0 memories.
all_memories(tag charP):
  Found 0 memories.
all_allocs(tag charP):
  Found 1 allocs.
all_allocs(tag charP):
  Found 1 allocs.
all_memories(tag charP):
  Found 0 memories.
all_memories(tag charP):
  Found 0 memories.
all_allocs(tag charP):
  Found 1 allocs.
all_allocs(tag charP):
  Found 1 allocs.
all_memories(tag charP):
  Found 0 memories.
all_allocs(tag charP):
  Found 1 allocs.
all_tags(tag charP):
  Found 1 tags.
all_memories(tag charP):
  Found 0 memories.
all_memories(tag charP):
  Found 0 memories.
all_tags(tag charP):
  Found 1 tags.
all_memories(tag charP):
  Found 0 memories.
all_tags(tag charP):
  Found 1 tags.
all_memories(tag charP):
  Found 0 memories.
all_tags(tag charP):
  Found 1 tags.
all_memories(tag charP):
  Found 0 memories.
all_allocs(tag charP):
  Found 1 allocs.
all_tags(tag charP):
  Found 1 tags.
all_memories(tag charP):
  Found 0 memories.
all_allocs(tag charP):
  Found 1 allocs.
all_memories(tag charP):
  Found 0 memories.
all_memories(tag charP):
  Found 0 memories.
all_allocs(tag charP):
  Found 1 allocs.
all_allocs(tag charP):
  Found 1 allocs.
all_tags(tag charP):
  Found 1 tags.
all_memories(tag charP):
  Found 0 memories.
all_memories(tag charP):
  Found 0 memories.
all_tags(tag charP):
  Found 1 tags.
all_memories(tag charP):
  Found 0 memories.
all_tags(tag charP):
  Found 1 tags.
all_memories(tag charP):
  Found 0 memories.
all_tags(tag charP):
  Found 1 tags.
all_memories(tag charP):
  Found 0 memories.
all_allocs(tag charP):
  Found 1 allocs.
all_tags(tag charP):
  Found 1 tags.
all_memories(tag charP):
  Found 0 memories.
all_allocs(tag charP):
  Found 1 allocs.
all_memories(tag charP):
  Found 0 memories.
all_memories(tag charP):
  Found 0 memories.
all_allocs(tag charP):
  Found 1 allocs.
all_tags(tag charP):
  Found 1 tags.
all_memories(tag charP):
  Found 0 memories.
all_allocs(tag charP):
  Found 1 allocs.
all_memories(tag charP):
  Found 0 memories.
all_allocs(tag charP):
  Found 1 allocs.
all_memories(tag charP):
  Found 0 memories.
all_memories(tag charP):
  Found 0 memories.
all_tags(tag charP):
  Found 1 tags.
all_memories(tag voidP):
  Found 0 memories.
all_tags(tag voidP):
  Found 1 tags.
all_memories(tag charP):
  Found 0 memories.
all_allocs(tag charP):
  Found 1 allocs.
all_memories(tag voidP):
  Found 0 memories.
all_allocs(tag voidP):
  Found 1 allocs.
all_memories(tag charP):
  Found 0 memories.
all_tags(tag charP):
  Found 1 tags.
all_memories(tag charP):
  Found 0 memories.
all_tags(tag charP):
  Found 1 tags.
all_memories(tag charP):
  Found 0 memories.
all_tags(tag charP):
  Found 1 tags.
all_memories(tag charP):
  Found 0 memories.
all_tags(tag charP):
  Found 1 tags.
all_memories(tag charP):
  Found 0 memories.
all_tags(tag charP):
  Found 1 tags.
all_memories(tag charP):
  Found 0 memories.
all_tags(tag charP):
  Found 1 tags.
all_memories(tag charP):
  Found 0 memories.
all_allocs(tag charP):
  Found 1 allocs.
all_memories(tag voidP):
  Found 0 memories.
all_allocs(tag voidP):
  Found 1 allocs.
all_memories(tag charP):
  Found 0 memories.
all_allocs(tag charP):
  Found 1 allocs.
all_memories(tag voidP):
  Found 0 memories.
all_allocs(tag voidP):
  Found 1 allocs.
all_memories(tag charP):
  Found 0 memories.
all_allocs(tag charP):
  Found 1 allocs.
all_memories(tag voidP):
  Found 0 memories.
all_allocs(tag voidP):
  Found 1 allocs.
all_memories(tag charP):
  Found 0 memories.
all_allocs(tag charP):
  Found 1 allocs.
all_memories(tag voidP):
  Found 0 memories.
all_allocs(tag voidP):
  Found 1 allocs.
all_memories(tag charP):
  Found 0 memories.
all_allocs(tag charP):
  Found 1 allocs.
all_memories(tag voidP):
  Found 0 memories.
all_allocs(tag voidP):
  Found 1 allocs.
all_allocs(tag voidP):
  Found 1 allocs.
all_memories(tag voidP):
  Found 0 memories.
all_memories(tag voidP):
  Found 0 memories.
all_allocs(tag voidP):
  Found 1 allocs.
all_allocs(tag voidP):
  Found 1 allocs.
all_memories(tag voidP):
  Found 0 memories.
all_allocs(tag voidP):
  Found 1 allocs.
all_tags(tag voidP):
  Found 1 tags.
all_memories(tag voidP):
  Found 0 memories.
all_memories(tag voidP):
  Found 0 memories.
all_tags(tag voidP):
  Found 1 tags.
all_memories(tag voidP):
  Found 0 memories.
all_tags(tag voidP):
  Found 1 tags.
all_memories(tag voidP):
  Found 0 memories.
all_tags(tag voidP):
  Found 1 tags.
all_memories(tag voidP):
  Found 0 memories.
all_allocs(tag voidP):
  Found 1 allocs.
all_tags(tag voidP):
  Found 1 tags.
all_memories(tag voidP):
  Found 0 memories.
all_allocs(tag voidP):
  Found 1 allocs.
all_memories(tag voidP):
  Found 0 memories.
all_memories(tag voidP):
  Found 0 memories.
all_allocs(tag voidP):
  Found 1 allocs.
all_allocs(tag voidP):
  Found 1 allocs.
all_memories(tag voidP):
  Found 0 memories.
all_memories(tag voidP):
  Found 0 memories.
all_allocs(tag voidP):
  Found 1 allocs.
all_allocs(tag voidP):
  Found 1 allocs.
all_memories(tag voidP):
  Found 0 memories.
all_allocs(tag voidP):
  Found 1 allocs.
all_tags(tag voidP):
  Found 1 tags.
all_memories(tag voidP):
  Found 0 memories.
all_memories(tag voidP):
  Found 0 memories.
all_tags(tag voidP):
  Found 1 tags.
all_memories(tag voidP):
  Found 0 memories.
all_tags(tag voidP):
  Found 1 tags.
all_memories(tag voidP):
  Found 0 memories.
all_tags(tag voidP):
  Found 1 tags.
all_memories(tag voidP):
  Found 0 memories.
all_allocs(tag voidP):
  Found 1 allocs.
all_tags(tag voidP):
  Found 1 tags.
all_memories(tag voidP):
  Found 0 memories.
all_allocs(tag voidP):
  Found 1 allocs.
all_memories(tag voidP):
  Found 0 memories.
all_memories(tag voidP):
  Found 0 memories.
all_allocs(tag voidP):
  Found 1 allocs.
all_allocs(tag voidP):
  Found 1 allocs.
all_tags(tag voidP):
  Found 1 tags.
all_memories(tag voidP):
  Found 0 memories.
all_memories(tag voidP):
  Found 0 memories.
all_tags(tag voidP):
  Found 1 tags.
all_memories(tag voidP):
  Found 0 memories.
all_tags(tag voidP):
  Found 1 tags.
all_memories(tag voidP):
  Found 0 memories.
all_tags(tag voidP):
  Found 1 tags.
all_memories(tag voidP):
  Found 0 memories.
all_allocs(tag voidP):
  Found 1 allocs.
all_tags(tag voidP):
  Found 1 tags.
all_memories(tag voidP):
  Found 0 memories.
all_allocs(tag voidP):
  Found 1 allocs.
all_memories(tag voidP):
  Found 0 memories.
all_memories(tag voidP):
  Found 0 memories.
all_allocs(tag voidP):
  Found 1 allocs.
all_tags(tag voidP):
  Found 1 tags.
all_memories(tag voidP):
  Found 0 memories.
all_allocs(tag voidP):
  Found 1 allocs.
all_memories(tag voidP):
  Found 0 memories.
all_allocs(tag voidP):
  Found 1 allocs.
all_memories(tag voidP):
  Found 0 memories.
all_memories(tag voidP):
  Found 0 memories.
all_tags(tag voidP):
  Found 1 tags.
all_memories(tag voidP):
  Found 0 memories.
all_allocs(tag voidP):
  Found 1 allocs.
all_memories(tag voidP):
  Found 0 memories.
all_tags(tag voidP):
  Found 1 tags.
all_memories(tag voidP):
  Found 0 memories.
all_tags(tag voidP):
  Found 1 tags.
all_memories(tag voidP):
  Found 0 memories.
all_tags(tag voidP):
  Found 1 tags.
all_memories(tag voidP):
  Found 0 memories.
all_tags(tag voidP):
  Found 1 tags.
all_memories(tag voidP):
  Found 0 memories.
all_tags(tag voidP):
  Found 1 tags.
all_memories(tag voidP):
  Found 0 memories.
all_tags(tag voidP):
  Found 1 tags.
all_memories(tag voidP):
  Found 0 memories.
all_allocs(tag voidP):
  Found 1 allocs.
all_memories(tag voidP):
  Found 0 memories.
all_allocs(tag voidP):
  Found 1 allocs.
all_memories(tag voidP):
  Found 0 memories.
all_allocs(tag voidP):
  Found 1 allocs.
all_memories(tag voidP):
  Found 0 memories.
all_allocs(tag voidP):
  Found 1 allocs.
all_memories(tag voidP):
  Found 0 memories.
all_allocs(tag voidP):
  Found 1 allocs.
Translate variants
Translate global regions
Translate exceptions
Translate enumerated types
Translate dummies
Translate standalone logic functions
Logic function count
Logic function count_one_p
Logic function count_split_p
Logic function all_count
Logic function all_valid_existence
Logic function valid_item
Logic function unique_items
Logic function valid_items_arr_capacity
Logic function count_correct
Logic function valid_items
Logic function valid_map_sizes
Logic function two_consecutive_false
Logic function rest_false_after_double
Logic function valid_map_begin
Logic function is_valid_map
Logic function empty_map
Logic function full
Logic function has_key
Logic function has_item
Logic function item_exists_t
Logic function get_key_t
Logic function get_value_t
Logic function get_item_t
Translate axiomatic declarations
Axiomatic CountLem
Axiomatic ItemsCount
Axiomatic Padding
Translate lemmas
Translate functions
Pre-treatement Function compareKeys
Pre-treatement Function finalizeMap
Pre-treatement Function removeElement
Pre-treatement Function getElement
Function compareKeys
all_memories(tag __anonstruct_Key_21):
  Found 0 memories.
all_allocs(tag __anonstruct_Key_21):
  Found 1 allocs.
all_memories(tag __anonstruct_Key_21):
  Found 0 memories.
all_allocs(tag __anonstruct_Key_21):
  Found 1 allocs.
all_allocs(tag __anonstruct_Key_21):
  Found 1 allocs.
all_tags(tag __anonstruct_Key_21):
  Found 1 tags.
all_memories(tag __anonstruct_Key_21):
  Found 0 memories.
all_allocs(tag __anonstruct_Key_21):
  Found 1 allocs.
all_tags(tag __anonstruct_Key_21):
  Found 1 tags.
all_memories(tag __anonstruct_Key_21):
  Found 0 memories.
all_allocs(tag __anonstruct_Key_21):
  Found 1 allocs.
all_memories(tag __anonstruct_Key_21):
  Found 0 memories.
all_allocs(tag __anonstruct_Key_21):
  Found 1 allocs.
all_memories(tag __anonstruct_Key_21):
  Found 0 memories.
all_allocs(tag __anonstruct_Key_21):
  Found 1 allocs.
all_tags(tag __anonstruct_Key_21):
  Found 1 tags.
all_memories(tag __anonstruct_Key_21):
  Found 0 memories.
all_allocs(tag __anonstruct_Key_21):
  Found 1 allocs.
all_tags(tag __anonstruct_Key_21):
  Found 1 tags.
all_memories(tag __anonstruct_Key_21):
  Found 0 memories.
all_allocs(tag __anonstruct_Key_21):
  Found 1 allocs.
all_memories(tag __anonstruct_Key_21):
  Found 0 memories.
all_allocs(tag __anonstruct_Key_21):
  Found 1 allocs.
all_memories(tag __anonstruct_Key_21):
  Found 0 memories.
Function finalizeMap
all_memories(tag __anonstruct_Item_23):
  Found 2 memories.
all_allocs(tag __anonstruct_Item_23):
  Found 3 allocs.
all_memories(tag __anonstruct_Item_23):
  Found 2 memories.
all_allocs(tag __anonstruct_Item_23):
  Found 3 allocs.
all_memories(tag __anonstruct_Item_23):
  Found 2 memories.
all_allocs(tag __anonstruct_Item_23):
  Found 3 allocs.
all_memories(tag __anonstruct_Item_23):
  Found 2 memories.
all_allocs(tag __anonstruct_Item_23):
  Found 3 allocs.
all_memories(tag __anonstruct_Item_23):
  Found 2 memories.
all_allocs(tag __anonstruct_Item_23):
  Found 3 allocs.
all_memories(tag __anonstruct_Item_23):
  Found 2 memories.
all_allocs(tag __anonstruct_Item_23):
  Found 3 allocs.
all_memories(tag __anonstruct_Item_23):
  Found 2 memories.
all_allocs(tag __anonstruct_Item_23):
  Found 3 allocs.
all_memories(tag __anonstruct_Item_23):
  Found 2 memories.
all_allocs(tag __anonstruct_Item_23):
  Found 3 allocs.
all_memories(tag __anonstruct_Item_23):
  Found 2 memories.
all_allocs(tag __anonstruct_Item_23):
  Found 3 allocs.
all_memories(tag __anonstruct_Item_23):
  Found 2 memories.
all_allocs(tag __anonstruct_Item_23):
  Found 3 allocs.
all_allocs(tag __anonstruct_Item_23):
  Found 3 allocs.
all_memories(tag __anonstruct_Item_23):
  Found 2 memories.
all_allocs(tag __anonstruct_Item_23):
  Found 3 allocs.
all_memories(tag __anonstruct_Item_23):
  Found 2 memories.
Function removeElement
all_memories(tag __anonstruct_Key_21):
  Found 0 memories.
all_allocs(tag __anonstruct_Key_21):
  Found 1 allocs.
all_tags(tag __anonstruct_Key_21):
  Found 1 tags.
all_allocs(tag __anonstruct_Key_21):
  Found 1 allocs.
all_tags(tag __anonstruct_Key_21):
  Found 1 tags.
all_memories(tag __anonstruct_Key_21):
  Found 0 memories.
all_allocs(tag __anonstruct_Key_21):
  Found 1 allocs.
all_memories(tag __anonstruct_Key_21):
  Found 0 memories.
all_memories(tag __anonstruct_Key_21):
  Found 0 memories.
all_allocs(tag __anonstruct_Key_21):
  Found 1 allocs.
all_tags(tag __anonstruct_Key_21):
  Found 1 tags.
all_allocs(tag __anonstruct_Key_21):
  Found 1 allocs.
all_tags(tag __anonstruct_Key_21):
  Found 1 tags.
all_memories(tag __anonstruct_Key_21):
  Found 0 memories.
all_allocs(tag __anonstruct_Key_21):
  Found 1 allocs.
all_memories(tag __anonstruct_Key_21):
  Found 0 memories.
Function getElement
Produce makefile
